Flow report for DE1_TOP
Thu Aug 30 16:06:33 2007
Quartus II Version 7.1 Build 178 06/25/2007 Service Pack 1 SJ Full Version


---------------------
; Table of Contents ;
---------------------
  1. Legal Notice
  2. Flow Summary
  3. Flow Settings
  4. Flow Non-Default Global Settings
  5. Flow Elapsed Time
  6. Flow Log



----------------
; Legal Notice ;
----------------
Copyright (C) 1991-2007 Altera Corporation
Your use of Altera Corporation's design tools, logic functions 
and other software and tools, and its AMPP partner logic 
functions, and any output files from any of the foregoing 
(including device programming or simulation files), and any 
associated documentation or information are expressly subject 
to the terms and conditions of the Altera Program License 
Subscription Agreement, Altera MegaCore Function License 
Agreement, or other applicable license agreement, including, 
without limitation, that your use is for the sole purpose of 
programming logic devices manufactured by Altera and sold by 
Altera or its authorized distributors.  Please refer to the 
applicable agreement for further details.



+------------------------------------------------------------------------------------+
; Flow Summary                                                                       ;
+------------------------------------+-----------------------------------------------+
; Flow Status                        ; Successful - Thu Aug 30 16:06:33 2007         ;
; Quartus II Version                 ; 7.1 Build 178 06/25/2007 SP 1 SJ Full Version ;
; Revision Name                      ; DE1_TOP                                       ;
; Top-level Entity Name              ; DE1_TOP                                       ;
; Family                             ; Cyclone II                                    ;
; Device                             ; EP2C20F484C7                                  ;
; Timing Models                      ; Final                                         ;
; Met timing requirements            ; Yes                                           ;
; Total logic elements               ; 0 / 18,752 ( 0 % )                            ;
;     Total combinational functions  ; 0 / 18,752 ( 0 % )                            ;
;     Dedicated logic registers      ; 0 / 18,752 ( 0 % )                            ;
; Total registers                    ; 0                                             ;
; Total pins                         ; 283 / 315 ( 90 % )                            ;
; Total virtual pins                 ; 0                                             ;
; Total memory bits                  ; 0 / 239,616 ( 0 % )                           ;
; Embedded Multiplier 9-bit elements ; 0 / 52 ( 0 % )                                ;
; Total PLLs                         ; 0 / 4 ( 0 % )                                 ;
+------------------------------------+-----------------------------------------------+


+-----------------------------------------+
; Flow Settings                           ;
+-------------------+---------------------+
; Option            ; Setting             ;
+-------------------+---------------------+
; Start date & time ; 08/30/2007 16:06:05 ;
; Main task         ; Compilation         ;
; Revision Name     ; DE1_TOP             ;
+-------------------+---------------------+


+------------------------------------------------------------------------------------------------------------------+
; Flow Non-Default Global Settings                                                                                 ;
+-----------------+-----------------------------------------------------+---------------+-------------+------------+
; Assignment Name ; Value                                               ; Default Value ; Entity Name ; Section Id ;
+-----------------+-----------------------------------------------------+---------------+-------------+------------+
; USER_LIBRARIES  ; C:/altera/megacore/line_buffer_compiler-v1.0.0/lib; ; --            ; --          ; --         ;
+-----------------+-----------------------------------------------------+---------------+-------------+------------+


+----------------------------------------+
; Flow Elapsed Time                      ;
+-------------------------+--------------+
; Module Name             ; Elapsed Time ;
+-------------------------+--------------+
; Analysis & Synthesis    ; 00:00:03     ;
; Fitter                  ; 00:00:08     ;
; Assembler               ; 00:00:10     ;
; Classic Timing Analyzer ; 00:00:01     ;
; Total                   ; 00:00:22     ;
+-------------------------+--------------+


------------
; Flow Log ;
------------
quartus_map --read_settings_files=on --write_settings_files=off DE1_TOP -c DE1_TOP
quartus_fit --read_settings_files=off --write_settings_files=off DE1_TOP -c DE1_TOP
quartus_asm --read_settings_files=off --write_settings_files=off DE1_TOP -c DE1_TOP
quartus_tan --read_settings_files=off --write_settings_files=off DE1_TOP -c DE1_TOP --timing_analysis_only



