Assembler report for DE1_i2sound
Thu Aug 30 15:41:10 2007
Quartus II Version 7.1 Build 178 06/25/2007 Service Pack 1 SJ Full Version


---------------------
; Table of Contents ;
---------------------
  1. Legal Notice
  2. Assembler Summary
  3. Assembler Settings
  4. Assembler Generated Files
  5. Assembler Device Options: //file2/R1/DE1/cd/source/DE1_CD_v0.7/DE1_demonstrations/DE1_i2sound/DE1_i2sound.sof
  6. Assembler Device Options: //file2/R1/DE1/cd/source/DE1_CD_v0.7/DE1_demonstrations/DE1_i2sound/DE1_i2sound.pof
  7. Assembler INI Usage
  8. Assembler Messages



----------------
; Legal Notice ;
----------------
Copyright (C) 1991-2007 Altera Corporation
Your use of Altera Corporation's design tools, logic functions 
and other software and tools, and its AMPP partner logic 
functions, and any output files from any of the foregoing 
(including device programming or simulation files), and any 
associated documentation or information are expressly subject 
to the terms and conditions of the Altera Program License 
Subscription Agreement, Altera MegaCore Function License 
Agreement, or other applicable license agreement, including, 
without limitation, that your use is for the sole purpose of 
programming logic devices manufactured by Altera and sold by 
Altera or its authorized distributors.  Please refer to the 
applicable agreement for further details.



+---------------------------------------------------------------+
; Assembler Summary                                             ;
+-----------------------+---------------------------------------+
; Assembler Status      ; Successful - Thu Aug 30 15:41:10 2007 ;
; Revision Name         ; DE1_i2sound                           ;
; Top-level Entity Name ; DE1_i2sound                           ;
; Family                ; Cyclone II                            ;
; Device                ; EP2C20F484C7                          ;
+-----------------------+---------------------------------------+


+--------------------------------------------------------------------------------------------------------+
; Assembler Settings                                                                                     ;
+-----------------------------------------------------------------------------+----------+---------------+
; Option                                                                      ; Setting  ; Default Value ;
+-----------------------------------------------------------------------------+----------+---------------+
; Configuration device                                                        ; Epcs4    ; Auto          ;
; Generate Serial Vector Format File (.svf) for Target Device                 ; Off      ; Off           ;
; Generate a JEDEC STAPL Format File (.jam) for Target Device                 ; Off      ; Off           ;
; Generate a compressed Jam STAPL Byte Code 2.0 File (.jbc) for Target Device ; Off      ; Off           ;
; Generate a compressed Jam STAPL Byte Code 2.0 File (.jbc) for Target Device ; On       ; On            ;
; Generate compressed bitstreams                                              ; On       ; On            ;
; Compression mode                                                            ; Off      ; Off           ;
; Clock source for configuration device                                       ; Internal ; Internal      ;
; Clock frequency of the configuration device                                 ; 10 MHZ   ; 10 MHz        ;
; Divide clock frequency by                                                   ; 1        ; 1             ;
; JTAG user code for target device                                            ; Ffffffff ; Ffffffff      ;
; Auto user code                                                              ; Off      ; Off           ;
; JTAG user code for configuration device                                     ; Ffffffff ; Ffffffff      ;
; Configuration device auto user code                                         ; Off      ; Off           ;
; Generate Tabular Text File (.ttf) For Target Device                         ; Off      ; Off           ;
; Generate Raw Binary File (.rbf) For Target Device                           ; Off      ; Off           ;
; Generate Hexadecimal (Intel-Format) Output File (.hexout) for Target Device ; Off      ; Off           ;
; Hexadecimal Output File start address                                       ; 0        ; 0             ;
; Hexadecimal Output File count direction                                     ; Up       ; Up            ;
; Release clears before tri-states                                            ; Off      ; Off           ;
; Auto-restart configuration after error                                      ; On       ; On            ;
; Maintain Compatibility with All Cyclone II M4K Versions                     ; On       ; On            ;
; Use smart compilation                                                       ; Off      ; Off           ;
+-----------------------------------------------------------------------------+----------+---------------+


+-------------------------------------------------------------------------------------+
; Assembler Generated Files                                                           ;
+-------------------------------------------------------------------------------------+
; File Name                                                                           ;
+-------------------------------------------------------------------------------------+
; //file2/R1/DE1/cd/source/DE1_CD_v0.7/DE1_demonstrations/DE1_i2sound/DE1_i2sound.sof ;
; //file2/R1/DE1/cd/source/DE1_CD_v0.7/DE1_demonstrations/DE1_i2sound/DE1_i2sound.pof ;
+-------------------------------------------------------------------------------------+


+---------------------------------------------------------------------------------------------------------------+
; Assembler Device Options: //file2/R1/DE1/cd/source/DE1_CD_v0.7/DE1_demonstrations/DE1_i2sound/DE1_i2sound.sof ;
+----------------+----------------------------------------------------------------------------------------------+
; Option         ; Setting                                                                                      ;
+----------------+----------------------------------------------------------------------------------------------+
; Device         ; EP2C20F484C7                                                                                 ;
; JTAG usercode  ; 0xFFFFFFFF                                                                                   ;
; Checksum       ; 0x001C8090                                                                                   ;
+----------------+----------------------------------------------------------------------------------------------+


+---------------------------------------------------------------------------------------------------------------+
; Assembler Device Options: //file2/R1/DE1/cd/source/DE1_CD_v0.7/DE1_demonstrations/DE1_i2sound/DE1_i2sound.pof ;
+--------------------+------------------------------------------------------------------------------------------+
; Option             ; Setting                                                                                  ;
+--------------------+------------------------------------------------------------------------------------------+
; Device             ; EPCS4                                                                                    ;
; JTAG usercode      ; 0x00000000                                                                               ;
; Checksum           ; 0x05EF3E76                                                                               ;
; Compression Ratio  ; 3                                                                                        ;
+--------------------+------------------------------------------------------------------------------------------+


+-------------------------------------------------------------------------------------------------------------------------------------------+
; Assembler INI Usage                                                                                                                       ;
+----------------------+--------------------------------------------------------------------------------------------------------------------+
; Option               ; Usage                                                                                                              ;
+----------------------+--------------------------------------------------------------------------------------------------------------------+
; Initialization file: ; c:/altera/71/quartus/bin/quartus.ini                                                                               ;
; dev_password         ; e81f0e65b8afc1da24522b894c886f598ff5e3fafae3453dd1029e508011004342234235215526025211557545361520042000410042555455 ;
+----------------------+--------------------------------------------------------------------------------------------------------------------+


+--------------------+
; Assembler Messages ;
+--------------------+
Info: *******************************************************************
Info: Running Quartus II Assembler
    Info: Version 7.1 Build 178 06/25/2007 Service Pack 1 SJ Full Version
    Info: Processing started: Thu Aug 30 15:40:58 2007
Info: Command: quartus_asm --read_settings_files=off --write_settings_files=off DE1_i2sound -c DE1_i2sound
Info: Writing out detailed assembly data for power analysis
Info: Assembler is generating device programming files
Info: Quartus II Assembler was successful. 0 errors, 0 warnings
    Info: Allocated 166 megabytes of memory during processing
    Info: Processing ended: Thu Aug 30 15:41:10 2007
    Info: Elapsed time: 00:00:12


