Analysis & Synthesis report for Etapa3
Mon Apr 01 18:26:20 2024
Quartus II 64-Bit Version 13.0.1 Build 232 06/12/2013 Service Pack 1 SJ Web Edition


---------------------
; Table of Contents ;
---------------------
  1. Legal Notice
  2. Analysis & Synthesis Summary
  3. Analysis & Synthesis Settings
  4. Parallel Compilation
  5. Analysis & Synthesis Source Files Read
  6. Analysis & Synthesis Resource Usage Summary
  7. Analysis & Synthesis Resource Utilization by Entity
  8. Analysis & Synthesis DSP Block Usage Summary
  9. State Machine - |sisa|MemoryController:mem_controller0|SRAMController:sram|state
 10. Registers Removed During Synthesis
 11. General Register Statistics
 12. Multiplexer Restructuring Statistics (Restructuring Performed)
 13. Parameter Settings for Inferred Entity Instance: proc:proc0|datapath:e0|alu:alu0|lpm_divide:Div1
 14. Parameter Settings for Inferred Entity Instance: proc:proc0|datapath:e0|alu:alu0|lpm_mult:Mult0
 15. Parameter Settings for Inferred Entity Instance: proc:proc0|datapath:e0|alu:alu0|lpm_divide:Div0
 16. Parameter Settings for Inferred Entity Instance: proc:proc0|datapath:e0|alu:alu0|lpm_mult:Mult1
 17. lpm_mult Parameter Settings by Entity Instance
 18. Port Connectivity Checks: "proc:proc0|datapath:e0|alu:alu0"
 19. Elapsed Time Per Partition
 20. Analysis & Synthesis Messages



----------------
; Legal Notice ;
----------------
Copyright (C) 1991-2013 Altera Corporation
Your use of Altera Corporation's design tools, logic functions 
and other software and tools, and its AMPP partner logic 
functions, and any output files from any of the foregoing 
(including device programming or simulation files), and any 
associated documentation or information are expressly subject 
to the terms and conditions of the Altera Program License 
Subscription Agreement, Altera MegaCore Function License 
Agreement, or other applicable license agreement, including, 
without limitation, that your use is for the sole purpose of 
programming logic devices manufactured by Altera and sold by 
Altera or its authorized distributors.  Please refer to the 
applicable agreement for further details.



+--------------------------------------------------------------------------------------+
; Analysis & Synthesis Summary                                                         ;
+------------------------------------+-------------------------------------------------+
; Analysis & Synthesis Status        ; Successful - Mon Apr 01 18:26:20 2024           ;
; Quartus II 64-Bit Version          ; 13.0.1 Build 232 06/12/2013 SP 1 SJ Web Edition ;
; Revision Name                      ; Etapa3                                          ;
; Top-level Entity Name              ; sisa                                            ;
; Family                             ; Cyclone II                                      ;
; Total logic elements               ; 1,594                                           ;
;     Total combinational functions  ; 1,482                                           ;
;     Dedicated logic registers      ; 165                                             ;
; Total registers                    ; 165                                             ;
; Total pins                         ; 41                                              ;
; Total virtual pins                 ; 0                                               ;
; Total memory bits                  ; 0                                               ;
; Embedded Multiplier 9-bit elements ; 4                                               ;
; Total PLLs                         ; 0                                               ;
+------------------------------------+-------------------------------------------------+


+----------------------------------------------------------------------------------------------------------------------+
; Analysis & Synthesis Settings                                                                                        ;
+----------------------------------------------------------------------------+--------------------+--------------------+
; Option                                                                     ; Setting            ; Default Value      ;
+----------------------------------------------------------------------------+--------------------+--------------------+
; Device                                                                     ; EP2C20AF484A7      ;                    ;
; Top-level entity name                                                      ; sisa               ; Etapa3             ;
; Family name                                                                ; Cyclone II         ; Cyclone IV GX      ;
; Use smart compilation                                                      ; Off                ; Off                ;
; Enable parallel Assembler and TimeQuest Timing Analyzer during compilation ; On                 ; On                 ;
; Enable compact report table                                                ; Off                ; Off                ;
; Restructure Multiplexers                                                   ; Auto               ; Auto               ;
; Create Debugging Nodes for IP Cores                                        ; Off                ; Off                ;
; Preserve fewer node names                                                  ; On                 ; On                 ;
; Disable OpenCore Plus hardware evaluation                                  ; Off                ; Off                ;
; Verilog Version                                                            ; Verilog_2001       ; Verilog_2001       ;
; VHDL Version                                                               ; VHDL_1993          ; VHDL_1993          ;
; State Machine Processing                                                   ; Auto               ; Auto               ;
; Safe State Machine                                                         ; Off                ; Off                ;
; Extract Verilog State Machines                                             ; On                 ; On                 ;
; Extract VHDL State Machines                                                ; On                 ; On                 ;
; Ignore Verilog initial constructs                                          ; Off                ; Off                ;
; Iteration limit for constant Verilog loops                                 ; 5000               ; 5000               ;
; Iteration limit for non-constant Verilog loops                             ; 250                ; 250                ;
; Add Pass-Through Logic to Inferred RAMs                                    ; On                 ; On                 ;
; Infer RAMs from Raw Logic                                                  ; On                 ; On                 ;
; Parallel Synthesis                                                         ; On                 ; On                 ;
; DSP Block Balancing                                                        ; Auto               ; Auto               ;
; NOT Gate Push-Back                                                         ; On                 ; On                 ;
; Power-Up Don't Care                                                        ; On                 ; On                 ;
; Remove Redundant Logic Cells                                               ; Off                ; Off                ;
; Remove Duplicate Registers                                                 ; On                 ; On                 ;
; Ignore CARRY Buffers                                                       ; Off                ; Off                ;
; Ignore CASCADE Buffers                                                     ; Off                ; Off                ;
; Ignore GLOBAL Buffers                                                      ; Off                ; Off                ;
; Ignore ROW GLOBAL Buffers                                                  ; Off                ; Off                ;
; Ignore LCELL Buffers                                                       ; Off                ; Off                ;
; Ignore SOFT Buffers                                                        ; On                 ; On                 ;
; Limit AHDL Integers to 32 Bits                                             ; Off                ; Off                ;
; Optimization Technique                                                     ; Balanced           ; Balanced           ;
; Carry Chain Length                                                         ; 70                 ; 70                 ;
; Auto Carry Chains                                                          ; On                 ; On                 ;
; Auto Open-Drain Pins                                                       ; On                 ; On                 ;
; Perform WYSIWYG Primitive Resynthesis                                      ; Off                ; Off                ;
; Auto ROM Replacement                                                       ; On                 ; On                 ;
; Auto RAM Replacement                                                       ; On                 ; On                 ;
; Auto Shift Register Replacement                                            ; Auto               ; Auto               ;
; Allow Shift Register Merging across Hierarchies                            ; Auto               ; Auto               ;
; Auto Clock Enable Replacement                                              ; On                 ; On                 ;
; Strict RAM Replacement                                                     ; Off                ; Off                ;
; Allow Synchronous Control Signals                                          ; On                 ; On                 ;
; Force Use of Synchronous Clear Signals                                     ; Off                ; Off                ;
; Auto RAM to Logic Cell Conversion                                          ; Off                ; Off                ;
; Auto Resource Sharing                                                      ; Off                ; Off                ;
; Allow Any RAM Size For Recognition                                         ; Off                ; Off                ;
; Allow Any ROM Size For Recognition                                         ; Off                ; Off                ;
; Allow Any Shift Register Size For Recognition                              ; Off                ; Off                ;
; Use LogicLock Constraints during Resource Balancing                        ; On                 ; On                 ;
; Ignore translate_off and synthesis_off directives                          ; Off                ; Off                ;
; Timing-Driven Synthesis                                                    ; Off                ; Off                ;
; Report Parameter Settings                                                  ; On                 ; On                 ;
; Report Source Assignments                                                  ; On                 ; On                 ;
; Report Connectivity Checks                                                 ; On                 ; On                 ;
; Ignore Maximum Fan-Out Assignments                                         ; Off                ; Off                ;
; Synchronization Register Chain Length                                      ; 2                  ; 2                  ;
; PowerPlay Power Optimization                                               ; Normal compilation ; Normal compilation ;
; HDL message level                                                          ; Level2             ; Level2             ;
; Suppress Register Optimization Related Messages                            ; Off                ; Off                ;
; Number of Removed Registers Reported in Synthesis Report                   ; 5000               ; 5000               ;
; Number of Swept Nodes Reported in Synthesis Report                         ; 5000               ; 5000               ;
; Number of Inverted Registers Reported in Synthesis Report                  ; 100                ; 100                ;
; Clock MUX Protection                                                       ; On                 ; On                 ;
; Auto Gated Clock Conversion                                                ; Off                ; Off                ;
; Block Design Naming                                                        ; Auto               ; Auto               ;
; SDC constraint protection                                                  ; Off                ; Off                ;
; Synthesis Effort                                                           ; Auto               ; Auto               ;
; Shift Register Replacement - Allow Asynchronous Clear Signal               ; On                 ; On                 ;
; Pre-Mapping Resynthesis Optimization                                       ; Off                ; Off                ;
; Analysis & Synthesis Message Level                                         ; Medium             ; Medium             ;
; Disable Register Merging Across Hierarchies                                ; Auto               ; Auto               ;
; Resource Aware Inference For Block RAM                                     ; On                 ; On                 ;
; Synthesis Seed                                                             ; 1                  ; 1                  ;
+----------------------------------------------------------------------------+--------------------+--------------------+


Parallel compilation was disabled, but you have multiple processors available. Enable parallel compilation to reduce compilation time.
+-------------------------------------+
; Parallel Compilation                ;
+----------------------------+--------+
; Processors                 ; Number ;
+----------------------------+--------+
; Number detected on machine ; 8      ;
; Maximum allowed            ; 1      ;
+----------------------------+--------+


+------------------------------------------------------------------------------------------------------------------------------------------------------------------------------------------------+
; Analysis & Synthesis Source Files Read                                                                                                                                                         ;
+----------------------------------+-----------------+------------------------------+--------------------------------------------------------------------------------------------------+---------+
; File Name with User-Entered Path ; Used in Netlist ; File Type                    ; File Name with Absolute Path                                                                     ; Library ;
+----------------------------------+-----------------+------------------------------+--------------------------------------------------------------------------------------------------+---------+
; SRAMController.vhd               ; yes             ; User VHDL File               ; C:/Users/roger/OneDrive/Escritorio/UNI/Q6/PEC/ENTREGA INICIAL/Etapa 3/SRAMController.vhd         ;         ;
; sisa.vhd                         ; yes             ; User VHDL File               ; C:/Users/roger/OneDrive/Escritorio/UNI/Q6/PEC/ENTREGA INICIAL/Etapa 3/sisa.vhd                   ;         ;
; MemoryController.vhd             ; yes             ; User VHDL File               ; C:/Users/roger/OneDrive/Escritorio/UNI/Q6/PEC/ENTREGA INICIAL/Etapa 3/MemoryController.vhd       ;         ;
; unidad_control.vhd               ; yes             ; User VHDL File               ; C:/Users/roger/OneDrive/Escritorio/UNI/Q6/PEC/ENTREGA INICIAL/Etapa 3/unidad_control.vhd         ;         ;
; regfile.vhd                      ; yes             ; User VHDL File               ; C:/Users/roger/OneDrive/Escritorio/UNI/Q6/PEC/ENTREGA INICIAL/Etapa 3/regfile.vhd                ;         ;
; proc.vhd                         ; yes             ; User VHDL File               ; C:/Users/roger/OneDrive/Escritorio/UNI/Q6/PEC/ENTREGA INICIAL/Etapa 3/proc.vhd                   ;         ;
; multi.vhd                        ; yes             ; User VHDL File               ; C:/Users/roger/OneDrive/Escritorio/UNI/Q6/PEC/ENTREGA INICIAL/Etapa 3/multi.vhd                  ;         ;
; datapath.vhd                     ; yes             ; User VHDL File               ; C:/Users/roger/OneDrive/Escritorio/UNI/Q6/PEC/ENTREGA INICIAL/Etapa 3/datapath.vhd               ;         ;
; control_l.vhd                    ; yes             ; User VHDL File               ; C:/Users/roger/OneDrive/Escritorio/UNI/Q6/PEC/ENTREGA INICIAL/Etapa 3/control_l.vhd              ;         ;
; alu.vhd                          ; yes             ; User VHDL File               ; C:/Users/roger/OneDrive/Escritorio/UNI/Q6/PEC/ENTREGA INICIAL/Etapa 3/alu.vhd                    ;         ;
; lpm_divide.tdf                   ; yes             ; Megafunction                 ; c:/altera/13.0sp1/quartus/libraries/megafunctions/lpm_divide.tdf                                 ;         ;
; abs_divider.inc                  ; yes             ; Megafunction                 ; c:/altera/13.0sp1/quartus/libraries/megafunctions/abs_divider.inc                                ;         ;
; sign_div_unsign.inc              ; yes             ; Megafunction                 ; c:/altera/13.0sp1/quartus/libraries/megafunctions/sign_div_unsign.inc                            ;         ;
; aglobal130.inc                   ; yes             ; Megafunction                 ; c:/altera/13.0sp1/quartus/libraries/megafunctions/aglobal130.inc                                 ;         ;
; db/lpm_divide_3gm.tdf            ; yes             ; Auto-Generated Megafunction  ; C:/Users/roger/OneDrive/Escritorio/UNI/Q6/PEC/ENTREGA INICIAL/Etapa 3/db/lpm_divide_3gm.tdf      ;         ;
; db/sign_div_unsign_dnh.tdf       ; yes             ; Auto-Generated Megafunction  ; C:/Users/roger/OneDrive/Escritorio/UNI/Q6/PEC/ENTREGA INICIAL/Etapa 3/db/sign_div_unsign_dnh.tdf ;         ;
; db/alt_u_div_s5f.tdf             ; yes             ; Auto-Generated Megafunction  ; C:/Users/roger/OneDrive/Escritorio/UNI/Q6/PEC/ENTREGA INICIAL/Etapa 3/db/alt_u_div_s5f.tdf       ;         ;
; db/add_sub_lkc.tdf               ; yes             ; Auto-Generated Megafunction  ; C:/Users/roger/OneDrive/Escritorio/UNI/Q6/PEC/ENTREGA INICIAL/Etapa 3/db/add_sub_lkc.tdf         ;         ;
; db/add_sub_mkc.tdf               ; yes             ; Auto-Generated Megafunction  ; C:/Users/roger/OneDrive/Escritorio/UNI/Q6/PEC/ENTREGA INICIAL/Etapa 3/db/add_sub_mkc.tdf         ;         ;
; lpm_mult.tdf                     ; yes             ; Megafunction                 ; c:/altera/13.0sp1/quartus/libraries/megafunctions/lpm_mult.tdf                                   ;         ;
; lpm_add_sub.inc                  ; yes             ; Megafunction                 ; c:/altera/13.0sp1/quartus/libraries/megafunctions/lpm_add_sub.inc                                ;         ;
; multcore.inc                     ; yes             ; Megafunction                 ; c:/altera/13.0sp1/quartus/libraries/megafunctions/multcore.inc                                   ;         ;
; bypassff.inc                     ; yes             ; Megafunction                 ; c:/altera/13.0sp1/quartus/libraries/megafunctions/bypassff.inc                                   ;         ;
; altshift.inc                     ; yes             ; Megafunction                 ; c:/altera/13.0sp1/quartus/libraries/megafunctions/altshift.inc                                   ;         ;
; db/mult_h1t.tdf                  ; yes             ; Auto-Generated Megafunction  ; C:/Users/roger/OneDrive/Escritorio/UNI/Q6/PEC/ENTREGA INICIAL/Etapa 3/db/mult_h1t.tdf            ;         ;
; db/lpm_divide_rto.tdf            ; yes             ; Auto-Generated Megafunction  ; C:/Users/roger/OneDrive/Escritorio/UNI/Q6/PEC/ENTREGA INICIAL/Etapa 3/db/lpm_divide_rto.tdf      ;         ;
; db/abs_divider_8dg.tdf           ; yes             ; Auto-Generated Megafunction  ; C:/Users/roger/OneDrive/Escritorio/UNI/Q6/PEC/ENTREGA INICIAL/Etapa 3/db/abs_divider_8dg.tdf     ;         ;
; db/lpm_abs_2s9.tdf               ; yes             ; Auto-Generated Megafunction  ; C:/Users/roger/OneDrive/Escritorio/UNI/Q6/PEC/ENTREGA INICIAL/Etapa 3/db/lpm_abs_2s9.tdf         ;         ;
; db/mult_l8t.tdf                  ; yes             ; Auto-Generated Megafunction  ; C:/Users/roger/OneDrive/Escritorio/UNI/Q6/PEC/ENTREGA INICIAL/Etapa 3/db/mult_l8t.tdf            ;         ;
+----------------------------------+-----------------+------------------------------+--------------------------------------------------------------------------------------------------+---------+


+------------------------------------------------------------+
; Analysis & Synthesis Resource Usage Summary                ;
+---------------------------------------------+--------------+
; Resource                                    ; Usage        ;
+---------------------------------------------+--------------+
; Estimated Total logic elements              ; 1,594        ;
;                                             ;              ;
; Total combinational functions               ; 1482         ;
; Logic element usage by number of LUT inputs ;              ;
;     -- 4 input functions                    ; 805          ;
;     -- 3 input functions                    ; 560          ;
;     -- <=2 input functions                  ; 117          ;
;                                             ;              ;
; Logic elements by mode                      ;              ;
;     -- normal mode                          ; 1083         ;
;     -- arithmetic mode                      ; 399          ;
;                                             ;              ;
; Total registers                             ; 165          ;
;     -- Dedicated logic registers            ; 165          ;
;     -- I/O registers                        ; 0            ;
;                                             ;              ;
; I/O pins                                    ; 41           ;
; Embedded Multiplier 9-bit elements          ; 4            ;
; Maximum fan-out node                        ; clock_div[2] ;
; Maximum fan-out                             ; 161          ;
; Total fan-out                               ; 5692         ;
; Average fan-out                             ; 3.36         ;
+---------------------------------------------+--------------+


+------------------------------------------------------------------------------------------------------------------------------------------------------------------------------------------------------------------------------------------------------------------------------------------------------------------------------------------+
; Analysis & Synthesis Resource Utilization by Entity                                                                                                                                                                                                                                                                                      ;
+-------------------------------------------------+-------------------+--------------+-------------+--------------+---------+-----------+------+--------------+-------------------------------------------------------------------------------------------------------------------------------------------------------------+--------------+
; Compilation Hierarchy Node                      ; LC Combinationals ; LC Registers ; Memory Bits ; DSP Elements ; DSP 9x9 ; DSP 18x18 ; Pins ; Virtual Pins ; Full Hierarchy Name                                                                                                                                         ; Library Name ;
+-------------------------------------------------+-------------------+--------------+-------------+--------------+---------+-----------+------+--------------+-------------------------------------------------------------------------------------------------------------------------------------------------------------+--------------+
; |sisa                                           ; 1482 (4)          ; 165 (3)      ; 0           ; 4            ; 0       ; 2         ; 41   ; 0            ; |sisa                                                                                                                                                       ; work         ;
;    |MemoryController:mem_controller0|           ; 36 (2)            ; 2 (0)        ; 0           ; 0            ; 0       ; 0         ; 0    ; 0            ; |sisa|MemoryController:mem_controller0                                                                                                                      ; work         ;
;       |SRAMController:sram|                     ; 34 (34)           ; 2 (2)        ; 0           ; 0            ; 0       ; 0         ; 0    ; 0            ; |sisa|MemoryController:mem_controller0|SRAMController:sram                                                                                                  ; work         ;
;    |proc:proc0|                                 ; 1442 (0)          ; 160 (0)      ; 0           ; 4            ; 0       ; 2         ; 0    ; 0            ; |sisa|proc:proc0                                                                                                                                            ; work         ;
;       |datapath:e0|                             ; 1372 (79)         ; 128 (0)      ; 0           ; 4            ; 0       ; 2         ; 0    ; 0            ; |sisa|proc:proc0|datapath:e0                                                                                                                                ; work         ;
;          |alu:alu0|                             ; 1129 (478)        ; 0 (0)        ; 0           ; 4            ; 0       ; 2         ; 0    ; 0            ; |sisa|proc:proc0|datapath:e0|alu:alu0                                                                                                                       ; work         ;
;             |lpm_divide:Div0|                   ; 364 (0)           ; 0 (0)        ; 0           ; 0            ; 0       ; 0         ; 0    ; 0            ; |sisa|proc:proc0|datapath:e0|alu:alu0|lpm_divide:Div0                                                                                                       ; work         ;
;                |lpm_divide_rto:auto_generated|  ; 364 (0)           ; 0 (0)        ; 0           ; 0            ; 0       ; 0         ; 0    ; 0            ; |sisa|proc:proc0|datapath:e0|alu:alu0|lpm_divide:Div0|lpm_divide_rto:auto_generated                                                                         ; work         ;
;                   |abs_divider_8dg:divider|     ; 364 (32)          ; 0 (0)        ; 0           ; 0            ; 0       ; 0         ; 0    ; 0            ; |sisa|proc:proc0|datapath:e0|alu:alu0|lpm_divide:Div0|lpm_divide_rto:auto_generated|abs_divider_8dg:divider                                                 ; work         ;
;                      |alt_u_div_s5f:divider|    ; 284 (281)         ; 0 (0)        ; 0           ; 0            ; 0       ; 0         ; 0    ; 0            ; |sisa|proc:proc0|datapath:e0|alu:alu0|lpm_divide:Div0|lpm_divide_rto:auto_generated|abs_divider_8dg:divider|alt_u_div_s5f:divider                           ; work         ;
;                         |add_sub_lkc:add_sub_0| ; 1 (1)             ; 0 (0)        ; 0           ; 0            ; 0       ; 0         ; 0    ; 0            ; |sisa|proc:proc0|datapath:e0|alu:alu0|lpm_divide:Div0|lpm_divide_rto:auto_generated|abs_divider_8dg:divider|alt_u_div_s5f:divider|add_sub_lkc:add_sub_0     ; work         ;
;                         |add_sub_mkc:add_sub_1| ; 2 (2)             ; 0 (0)        ; 0           ; 0            ; 0       ; 0         ; 0    ; 0            ; |sisa|proc:proc0|datapath:e0|alu:alu0|lpm_divide:Div0|lpm_divide_rto:auto_generated|abs_divider_8dg:divider|alt_u_div_s5f:divider|add_sub_mkc:add_sub_1     ; work         ;
;                      |lpm_abs_2s9:my_abs_den|   ; 27 (27)           ; 0 (0)        ; 0           ; 0            ; 0       ; 0         ; 0    ; 0            ; |sisa|proc:proc0|datapath:e0|alu:alu0|lpm_divide:Div0|lpm_divide_rto:auto_generated|abs_divider_8dg:divider|lpm_abs_2s9:my_abs_den                          ; work         ;
;                      |lpm_abs_2s9:my_abs_num|   ; 21 (21)           ; 0 (0)        ; 0           ; 0            ; 0       ; 0         ; 0    ; 0            ; |sisa|proc:proc0|datapath:e0|alu:alu0|lpm_divide:Div0|lpm_divide_rto:auto_generated|abs_divider_8dg:divider|lpm_abs_2s9:my_abs_num                          ; work         ;
;             |lpm_divide:Div1|                   ; 287 (0)           ; 0 (0)        ; 0           ; 0            ; 0       ; 0         ; 0    ; 0            ; |sisa|proc:proc0|datapath:e0|alu:alu0|lpm_divide:Div1                                                                                                       ; work         ;
;                |lpm_divide_3gm:auto_generated|  ; 287 (0)           ; 0 (0)        ; 0           ; 0            ; 0       ; 0         ; 0    ; 0            ; |sisa|proc:proc0|datapath:e0|alu:alu0|lpm_divide:Div1|lpm_divide_3gm:auto_generated                                                                         ; work         ;
;                   |sign_div_unsign_dnh:divider| ; 287 (0)           ; 0 (0)        ; 0           ; 0            ; 0       ; 0         ; 0    ; 0            ; |sisa|proc:proc0|datapath:e0|alu:alu0|lpm_divide:Div1|lpm_divide_3gm:auto_generated|sign_div_unsign_dnh:divider                                             ; work         ;
;                      |alt_u_div_s5f:divider|    ; 287 (286)         ; 0 (0)        ; 0           ; 0            ; 0       ; 0         ; 0    ; 0            ; |sisa|proc:proc0|datapath:e0|alu:alu0|lpm_divide:Div1|lpm_divide_3gm:auto_generated|sign_div_unsign_dnh:divider|alt_u_div_s5f:divider                       ; work         ;
;                         |add_sub_mkc:add_sub_1| ; 1 (1)             ; 0 (0)        ; 0           ; 0            ; 0       ; 0         ; 0    ; 0            ; |sisa|proc:proc0|datapath:e0|alu:alu0|lpm_divide:Div1|lpm_divide_3gm:auto_generated|sign_div_unsign_dnh:divider|alt_u_div_s5f:divider|add_sub_mkc:add_sub_1 ; work         ;
;             |lpm_mult:Mult0|                    ; 0 (0)             ; 0 (0)        ; 0           ; 2            ; 0       ; 1         ; 0    ; 0            ; |sisa|proc:proc0|datapath:e0|alu:alu0|lpm_mult:Mult0                                                                                                        ; work         ;
;                |mult_h1t:auto_generated|        ; 0 (0)             ; 0 (0)        ; 0           ; 2            ; 0       ; 1         ; 0    ; 0            ; |sisa|proc:proc0|datapath:e0|alu:alu0|lpm_mult:Mult0|mult_h1t:auto_generated                                                                                ; work         ;
;             |lpm_mult:Mult1|                    ; 0 (0)             ; 0 (0)        ; 0           ; 2            ; 0       ; 1         ; 0    ; 0            ; |sisa|proc:proc0|datapath:e0|alu:alu0|lpm_mult:Mult1                                                                                                        ; work         ;
;                |mult_l8t:auto_generated|        ; 0 (0)             ; 0 (0)        ; 0           ; 2            ; 0       ; 1         ; 0    ; 0            ; |sisa|proc:proc0|datapath:e0|alu:alu0|lpm_mult:Mult1|mult_l8t:auto_generated                                                                                ; work         ;
;          |regfile:reg0|                         ; 164 (164)         ; 128 (128)    ; 0           ; 0            ; 0       ; 0         ; 0    ; 0            ; |sisa|proc:proc0|datapath:e0|regfile:reg0                                                                                                                   ; work         ;
;       |unidad_control:c0|                       ; 70 (48)           ; 32 (31)      ; 0           ; 0            ; 0       ; 0         ; 0    ; 0            ; |sisa|proc:proc0|unidad_control:c0                                                                                                                          ; work         ;
;          |control_l:c0|                         ; 20 (20)           ; 0 (0)        ; 0           ; 0            ; 0       ; 0         ; 0    ; 0            ; |sisa|proc:proc0|unidad_control:c0|control_l:c0                                                                                                             ; work         ;
;          |multi:m0|                             ; 2 (2)             ; 1 (1)        ; 0           ; 0            ; 0       ; 0         ; 0    ; 0            ; |sisa|proc:proc0|unidad_control:c0|multi:m0                                                                                                                 ; work         ;
+-------------------------------------------------+-------------------+--------------+-------------+--------------+---------+-----------+------+--------------+-------------------------------------------------------------------------------------------------------------------------------------------------------------+--------------+
Note: For table entries with two numbers listed, the numbers in parentheses indicate the number of resources of the given type used by the specific entity alone. The numbers listed outside of parentheses indicate the total resources of the given type used by the specific entity and all of its sub-entities in the hierarchy.


+-----------------------------------------------------+
; Analysis & Synthesis DSP Block Usage Summary        ;
+---------------------------------------+-------------+
; Statistic                             ; Number Used ;
+---------------------------------------+-------------+
; Simple Multipliers (9-bit)            ; 0           ;
; Simple Multipliers (18-bit)           ; 2           ;
; Embedded Multiplier Blocks            ; --          ;
; Embedded Multiplier 9-bit elements    ; 4           ;
; Signed Embedded Multipliers           ; 1           ;
; Unsigned Embedded Multipliers         ; 1           ;
; Mixed Sign Embedded Multipliers       ; 0           ;
; Variable Sign Embedded Multipliers    ; 0           ;
; Dedicated Input Shift Register Chains ; 0           ;
+---------------------------------------+-------------+
Note: number of Embedded Multiplier Blocks used is only available after a successful fit.


Encoding Type:  One-Hot
+----------------------------------------------------------------------------------+
; State Machine - |sisa|MemoryController:mem_controller0|SRAMController:sram|state ;
+--------------+--------------+------------+---------------------------------------+
; Name         ; state.espera ; state.escr ; state.idle                            ;
+--------------+--------------+------------+---------------------------------------+
; state.idle   ; 0            ; 0          ; 0                                     ;
; state.escr   ; 0            ; 1          ; 1                                     ;
; state.espera ; 1            ; 0          ; 1                                     ;
+--------------+--------------+------------+---------------------------------------+


+------------------------------------------------------------------------------------------------------------+
; Registers Removed During Synthesis                                                                         ;
+-------------------------------------------------------------------+----------------------------------------+
; Register name                                                     ; Reason for Removal                     ;
+-------------------------------------------------------------------+----------------------------------------+
; proc:proc0|unidad_control:c0|new_pc[0]                            ; Stuck at GND due to stuck port data_in ;
; MemoryController:mem_controller0|SRAMController:sram|state.espera ; Lost fanout                            ;
; Total Number of Removed Registers = 2                             ;                                        ;
+-------------------------------------------------------------------+----------------------------------------+


+------------------------------------------------------+
; General Register Statistics                          ;
+----------------------------------------------+-------+
; Statistic                                    ; Value ;
+----------------------------------------------+-------+
; Total registers                              ; 165   ;
; Number of registers using Synchronous Clear  ; 0     ;
; Number of registers using Synchronous Load   ; 15    ;
; Number of registers using Asynchronous Clear ; 1     ;
; Number of registers using Asynchronous Load  ; 0     ;
; Number of registers using Clock Enable       ; 159   ;
; Number of registers using Preset             ; 0     ;
+----------------------------------------------+-------+


+----------------------------------------------------------------------------------------------------------------------------------------------------------------------------------------+
; Multiplexer Restructuring Statistics (Restructuring Performed)                                                                                                                         ;
+--------------------+-----------+---------------+----------------------+------------------------+------------+--------------------------------------------------------------------------+
; Multiplexer Inputs ; Bus Width ; Baseline Area ; Area if Restructured ; Saving if Restructured ; Registered ; Example Multiplexer Output                                               ;
+--------------------+-----------+---------------+----------------------+------------------------+------------+--------------------------------------------------------------------------+
; 3:1                ; 15 bits   ; 30 LEs        ; 15 LEs               ; 15 LEs                 ; Yes        ; |sisa|proc:proc0|unidad_control:c0|new_pc[4]                             ;
; 3:1                ; 16 bits   ; 32 LEs        ; 16 LEs               ; 16 LEs                 ; Yes        ; |sisa|proc:proc0|unidad_control:c0|new_ir[9]                             ;
; 3:1                ; 2 bits    ; 4 LEs         ; 4 LEs                ; 0 LEs                  ; No         ; |sisa|MemoryController:mem_controller0|SRAMController:sram|dataReaded    ;
; 3:1                ; 7 bits    ; 14 LEs        ; 14 LEs               ; 0 LEs                  ; No         ; |sisa|proc:proc0|datapath:e0|Selector55                                  ;
; 16:1               ; 2 bits    ; 20 LEs        ; 8 LEs                ; 12 LEs                 ; No         ; |sisa|proc:proc0|unidad_control:c0|control_l:c0|Mux2                     ;
; 16:1               ; 3 bits    ; 30 LEs        ; 3 LEs                ; 27 LEs                 ; No         ; |sisa|proc:proc0|unidad_control:c0|control_l:c0|Mux9                     ;
; 4:1                ; 7 bits    ; 14 LEs        ; 14 LEs               ; 0 LEs                  ; No         ; |sisa|MemoryController:mem_controller0|SRAMController:sram|dataReaded[5] ;
; 29:1               ; 3 bits    ; 57 LEs        ; 42 LEs               ; 15 LEs                 ; No         ; |sisa|proc:proc0|datapath:e0|alu:alu0|Mux60                              ;
; 30:1               ; 3 bits    ; 60 LEs        ; 42 LEs               ; 18 LEs                 ; No         ; |sisa|proc:proc0|datapath:e0|alu:alu0|Mux53                              ;
; 30:1               ; 2 bits    ; 40 LEs        ; 30 LEs               ; 10 LEs                 ; No         ; |sisa|proc:proc0|datapath:e0|alu:alu0|Mux62                              ;
; 31:1               ; 2 bits    ; 40 LEs        ; 30 LEs               ; 10 LEs                 ; No         ; |sisa|proc:proc0|datapath:e0|alu:alu0|Mux51                              ;
+--------------------+-----------+---------------+----------------------+------------------------+------------+--------------------------------------------------------------------------+


+--------------------------------------------------------------------------------------------------+
; Parameter Settings for Inferred Entity Instance: proc:proc0|datapath:e0|alu:alu0|lpm_divide:Div1 ;
+------------------------+----------------+--------------------------------------------------------+
; Parameter Name         ; Value          ; Type                                                   ;
+------------------------+----------------+--------------------------------------------------------+
; LPM_WIDTHN             ; 16             ; Untyped                                                ;
; LPM_WIDTHD             ; 16             ; Untyped                                                ;
; LPM_NREPRESENTATION    ; UNSIGNED       ; Untyped                                                ;
; LPM_DREPRESENTATION    ; UNSIGNED       ; Untyped                                                ;
; LPM_PIPELINE           ; 0              ; Untyped                                                ;
; LPM_REMAINDERPOSITIVE  ; TRUE           ; Untyped                                                ;
; MAXIMIZE_SPEED         ; 5              ; Untyped                                                ;
; CBXI_PARAMETER         ; lpm_divide_3gm ; Untyped                                                ;
; CARRY_CHAIN            ; MANUAL         ; Untyped                                                ;
; OPTIMIZE_FOR_SPEED     ; 5              ; Untyped                                                ;
; AUTO_CARRY_CHAINS      ; ON             ; AUTO_CARRY                                             ;
; IGNORE_CARRY_BUFFERS   ; OFF            ; IGNORE_CARRY                                           ;
; AUTO_CASCADE_CHAINS    ; ON             ; AUTO_CASCADE                                           ;
; IGNORE_CASCADE_BUFFERS ; OFF            ; IGNORE_CASCADE                                         ;
+------------------------+----------------+--------------------------------------------------------+
Note: In order to hide this table in the UI and the text report file, please set the "Show Parameter Settings in Synthesis Report" option in "Analysis and Synthesis Settings -> More Settings" to "Off".


+-------------------------------------------------------------------------------------------------+
; Parameter Settings for Inferred Entity Instance: proc:proc0|datapath:e0|alu:alu0|lpm_mult:Mult0 ;
+------------------------------------------------+------------+-----------------------------------+
; Parameter Name                                 ; Value      ; Type                              ;
+------------------------------------------------+------------+-----------------------------------+
; AUTO_CARRY_CHAINS                              ; ON         ; AUTO_CARRY                        ;
; IGNORE_CARRY_BUFFERS                           ; OFF        ; IGNORE_CARRY                      ;
; AUTO_CASCADE_CHAINS                            ; ON         ; AUTO_CASCADE                      ;
; IGNORE_CASCADE_BUFFERS                         ; OFF        ; IGNORE_CASCADE                    ;
; LPM_WIDTHA                                     ; 16         ; Untyped                           ;
; LPM_WIDTHB                                     ; 16         ; Untyped                           ;
; LPM_WIDTHP                                     ; 32         ; Untyped                           ;
; LPM_WIDTHR                                     ; 32         ; Untyped                           ;
; LPM_WIDTHS                                     ; 1          ; Untyped                           ;
; LPM_REPRESENTATION                             ; SIGNED     ; Untyped                           ;
; LPM_PIPELINE                                   ; 0          ; Untyped                           ;
; LATENCY                                        ; 0          ; Untyped                           ;
; INPUT_A_IS_CONSTANT                            ; NO         ; Untyped                           ;
; INPUT_B_IS_CONSTANT                            ; NO         ; Untyped                           ;
; USE_EAB                                        ; OFF        ; Untyped                           ;
; MAXIMIZE_SPEED                                 ; 5          ; Untyped                           ;
; DEVICE_FAMILY                                  ; Cyclone II ; Untyped                           ;
; CARRY_CHAIN                                    ; MANUAL     ; Untyped                           ;
; APEX20K_TECHNOLOGY_MAPPER                      ; LUT        ; TECH_MAPPER_APEX20K               ;
; DEDICATED_MULTIPLIER_CIRCUITRY                 ; AUTO       ; Untyped                           ;
; DEDICATED_MULTIPLIER_MIN_INPUT_WIDTH_FOR_AUTO  ; 0          ; Untyped                           ;
; DEDICATED_MULTIPLIER_MIN_OUTPUT_WIDTH_FOR_AUTO ; 0          ; Untyped                           ;
; CBXI_PARAMETER                                 ; mult_h1t   ; Untyped                           ;
; INPUT_A_FIXED_VALUE                            ; Bx         ; Untyped                           ;
; INPUT_B_FIXED_VALUE                            ; Bx         ; Untyped                           ;
; USE_AHDL_IMPLEMENTATION                        ; OFF        ; Untyped                           ;
+------------------------------------------------+------------+-----------------------------------+
Note: In order to hide this table in the UI and the text report file, please set the "Show Parameter Settings in Synthesis Report" option in "Analysis and Synthesis Settings -> More Settings" to "Off".


+--------------------------------------------------------------------------------------------------+
; Parameter Settings for Inferred Entity Instance: proc:proc0|datapath:e0|alu:alu0|lpm_divide:Div0 ;
+------------------------+----------------+--------------------------------------------------------+
; Parameter Name         ; Value          ; Type                                                   ;
+------------------------+----------------+--------------------------------------------------------+
; LPM_WIDTHN             ; 16             ; Untyped                                                ;
; LPM_WIDTHD             ; 16             ; Untyped                                                ;
; LPM_NREPRESENTATION    ; SIGNED         ; Untyped                                                ;
; LPM_DREPRESENTATION    ; SIGNED         ; Untyped                                                ;
; LPM_PIPELINE           ; 0              ; Untyped                                                ;
; LPM_REMAINDERPOSITIVE  ; FALSE          ; Untyped                                                ;
; MAXIMIZE_SPEED         ; 5              ; Untyped                                                ;
; CBXI_PARAMETER         ; lpm_divide_rto ; Untyped                                                ;
; CARRY_CHAIN            ; MANUAL         ; Untyped                                                ;
; OPTIMIZE_FOR_SPEED     ; 5              ; Untyped                                                ;
; AUTO_CARRY_CHAINS      ; ON             ; AUTO_CARRY                                             ;
; IGNORE_CARRY_BUFFERS   ; OFF            ; IGNORE_CARRY                                           ;
; AUTO_CASCADE_CHAINS    ; ON             ; AUTO_CASCADE                                           ;
; IGNORE_CASCADE_BUFFERS ; OFF            ; IGNORE_CASCADE                                         ;
+------------------------+----------------+--------------------------------------------------------+
Note: In order to hide this table in the UI and the text report file, please set the "Show Parameter Settings in Synthesis Report" option in "Analysis and Synthesis Settings -> More Settings" to "Off".


+-------------------------------------------------------------------------------------------------+
; Parameter Settings for Inferred Entity Instance: proc:proc0|datapath:e0|alu:alu0|lpm_mult:Mult1 ;
+------------------------------------------------+------------+-----------------------------------+
; Parameter Name                                 ; Value      ; Type                              ;
+------------------------------------------------+------------+-----------------------------------+
; AUTO_CARRY_CHAINS                              ; ON         ; AUTO_CARRY                        ;
; IGNORE_CARRY_BUFFERS                           ; OFF        ; IGNORE_CARRY                      ;
; AUTO_CASCADE_CHAINS                            ; ON         ; AUTO_CASCADE                      ;
; IGNORE_CASCADE_BUFFERS                         ; OFF        ; IGNORE_CASCADE                    ;
; LPM_WIDTHA                                     ; 16         ; Untyped                           ;
; LPM_WIDTHB                                     ; 16         ; Untyped                           ;
; LPM_WIDTHP                                     ; 32         ; Untyped                           ;
; LPM_WIDTHR                                     ; 32         ; Untyped                           ;
; LPM_WIDTHS                                     ; 1          ; Untyped                           ;
; LPM_REPRESENTATION                             ; UNSIGNED   ; Untyped                           ;
; LPM_PIPELINE                                   ; 0          ; Untyped                           ;
; LATENCY                                        ; 0          ; Untyped                           ;
; INPUT_A_IS_CONSTANT                            ; NO         ; Untyped                           ;
; INPUT_B_IS_CONSTANT                            ; NO         ; Untyped                           ;
; USE_EAB                                        ; OFF        ; Untyped                           ;
; MAXIMIZE_SPEED                                 ; 6          ; Untyped                           ;
; DEVICE_FAMILY                                  ; Cyclone II ; Untyped                           ;
; CARRY_CHAIN                                    ; MANUAL     ; Untyped                           ;
; APEX20K_TECHNOLOGY_MAPPER                      ; LUT        ; TECH_MAPPER_APEX20K               ;
; DEDICATED_MULTIPLIER_CIRCUITRY                 ; AUTO       ; Untyped                           ;
; DEDICATED_MULTIPLIER_MIN_INPUT_WIDTH_FOR_AUTO  ; 0          ; Untyped                           ;
; DEDICATED_MULTIPLIER_MIN_OUTPUT_WIDTH_FOR_AUTO ; 0          ; Untyped                           ;
; CBXI_PARAMETER                                 ; mult_l8t   ; Untyped                           ;
; INPUT_A_FIXED_VALUE                            ; Bx         ; Untyped                           ;
; INPUT_B_FIXED_VALUE                            ; Bx         ; Untyped                           ;
; USE_AHDL_IMPLEMENTATION                        ; OFF        ; Untyped                           ;
+------------------------------------------------+------------+-----------------------------------+
Note: In order to hide this table in the UI and the text report file, please set the "Show Parameter Settings in Synthesis Report" option in "Analysis and Synthesis Settings -> More Settings" to "Off".


+----------------------------------------------------------------------------------------+
; lpm_mult Parameter Settings by Entity Instance                                         ;
+---------------------------------------+------------------------------------------------+
; Name                                  ; Value                                          ;
+---------------------------------------+------------------------------------------------+
; Number of entity instances            ; 2                                              ;
; Entity Instance                       ; proc:proc0|datapath:e0|alu:alu0|lpm_mult:Mult0 ;
;     -- LPM_WIDTHA                     ; 16                                             ;
;     -- LPM_WIDTHB                     ; 16                                             ;
;     -- LPM_WIDTHP                     ; 32                                             ;
;     -- LPM_REPRESENTATION             ; SIGNED                                         ;
;     -- INPUT_A_IS_CONSTANT            ; NO                                             ;
;     -- INPUT_B_IS_CONSTANT            ; NO                                             ;
;     -- USE_EAB                        ; OFF                                            ;
;     -- DEDICATED_MULTIPLIER_CIRCUITRY ; AUTO                                           ;
;     -- INPUT_A_FIXED_VALUE            ; Bx                                             ;
;     -- INPUT_B_FIXED_VALUE            ; Bx                                             ;
; Entity Instance                       ; proc:proc0|datapath:e0|alu:alu0|lpm_mult:Mult1 ;
;     -- LPM_WIDTHA                     ; 16                                             ;
;     -- LPM_WIDTHB                     ; 16                                             ;
;     -- LPM_WIDTHP                     ; 32                                             ;
;     -- LPM_REPRESENTATION             ; UNSIGNED                                       ;
;     -- INPUT_A_IS_CONSTANT            ; NO                                             ;
;     -- INPUT_B_IS_CONSTANT            ; NO                                             ;
;     -- USE_EAB                        ; OFF                                            ;
;     -- DEDICATED_MULTIPLIER_CIRCUITRY ; AUTO                                           ;
;     -- INPUT_A_FIXED_VALUE            ; Bx                                             ;
;     -- INPUT_B_FIXED_VALUE            ; Bx                                             ;
+---------------------------------------+------------------------------------------------+


+----------------------------------------------------------------------------------------------------------------+
; Port Connectivity Checks: "proc:proc0|datapath:e0|alu:alu0"                                                    ;
+------+--------+----------+-------------------------------------------------------------------------------------+
; Port ; Type   ; Severity ; Details                                                                             ;
+------+--------+----------+-------------------------------------------------------------------------------------+
; z    ; Output ; Info     ; Connected to dangling logic. Logic that only feeds a dangling port will be removed. ;
+------+--------+----------+-------------------------------------------------------------------------------------+


+-------------------------------+
; Elapsed Time Per Partition    ;
+----------------+--------------+
; Partition Name ; Elapsed Time ;
+----------------+--------------+
; Top            ; 00:00:04     ;
+----------------+--------------+


+-------------------------------+
; Analysis & Synthesis Messages ;
+-------------------------------+
Info: *******************************************************************
Info: Running Quartus II 64-Bit Analysis & Synthesis
    Info: Version 13.0.1 Build 232 06/12/2013 Service Pack 1 SJ Web Edition
    Info: Processing started: Mon Apr 01 18:26:13 2024
Info: Command: quartus_map --read_settings_files=on --write_settings_files=off Etapa3 -c Etapa3
Warning (20028): Parallel compilation is not licensed and has been disabled
Info (12021): Found 2 design units, including 1 entities, in source file sramcontroller.vhd
    Info (12022): Found design unit 1: SRAMController-comportament
    Info (12023): Found entity 1: SRAMController
Info (12021): Found 2 design units, including 1 entities, in source file sisa.vhd
    Info (12022): Found design unit 1: sisa-Structure
    Info (12023): Found entity 1: sisa
Info (12021): Found 2 design units, including 1 entities, in source file memorycontroller.vhd
    Info (12022): Found design unit 1: MemoryController-comportament
    Info (12023): Found entity 1: MemoryController
Info (12021): Found 2 design units, including 1 entities, in source file unidad_control.vhd
    Info (12022): Found design unit 1: unidad_control-Structure
    Info (12023): Found entity 1: unidad_control
Info (12021): Found 2 design units, including 1 entities, in source file regfile.vhd
    Info (12022): Found design unit 1: regfile-Structure
    Info (12023): Found entity 1: regfile
Info (12021): Found 2 design units, including 1 entities, in source file proc.vhd
    Info (12022): Found design unit 1: proc-Structure
    Info (12023): Found entity 1: proc
Info (12021): Found 2 design units, including 1 entities, in source file multi.vhd
    Info (12022): Found design unit 1: multi-Structure
    Info (12023): Found entity 1: multi
Info (12021): Found 2 design units, including 1 entities, in source file datapath.vhd
    Info (12022): Found design unit 1: datapath-Structure
    Info (12023): Found entity 1: datapath
Info (12021): Found 2 design units, including 1 entities, in source file control_l.vhd
    Info (12022): Found design unit 1: control_l-Structure
    Info (12023): Found entity 1: control_l
Info (12021): Found 2 design units, including 1 entities, in source file alu.vhd
    Info (12022): Found design unit 1: alu-Structure
    Info (12023): Found entity 1: alu
Info (12127): Elaborating entity "sisa" for the top level hierarchy
Info (12128): Elaborating entity "proc" for hierarchy "proc:proc0"
Info (12128): Elaborating entity "unidad_control" for hierarchy "proc:proc0|unidad_control:c0"
Info (12128): Elaborating entity "control_l" for hierarchy "proc:proc0|unidad_control:c0|control_l:c0"
Info (12128): Elaborating entity "multi" for hierarchy "proc:proc0|unidad_control:c0|multi:m0"
Info (12128): Elaborating entity "datapath" for hierarchy "proc:proc0|datapath:e0"
Info (12128): Elaborating entity "regfile" for hierarchy "proc:proc0|datapath:e0|regfile:reg0"
Info (12128): Elaborating entity "alu" for hierarchy "proc:proc0|datapath:e0|alu:alu0"
Info (12128): Elaborating entity "MemoryController" for hierarchy "MemoryController:mem_controller0"
Info (12128): Elaborating entity "SRAMController" for hierarchy "MemoryController:mem_controller0|SRAMController:sram"
Warning (10492): VHDL Process Statement warning at SRAMController.vhd(102): signal "dataToWrite" is read inside the Process Statement but isn't in the Process Statement's sensitivity list
Warning (10492): VHDL Process Statement warning at SRAMController.vhd(105): signal "dataToWrite" is read inside the Process Statement but isn't in the Process Statement's sensitivity list
Warning (10492): VHDL Process Statement warning at SRAMController.vhd(107): signal "dataToWrite" is read inside the Process Statement but isn't in the Process Statement's sensitivity list
Info (276014): Found 1 instances of uninferred RAM logic
    Info (276004): RAM logic "proc:proc0|datapath:e0|regfile:reg0|registre" is uninferred due to inappropriate RAM size
Info (278001): Inferred 4 megafunctions from design logic
    Info (278004): Inferred divider/modulo megafunction ("lpm_divide") from the following logic: "proc:proc0|datapath:e0|alu:alu0|Div1"
    Info (278003): Inferred multiplier megafunction ("lpm_mult") from the following logic: "proc:proc0|datapath:e0|alu:alu0|Mult0"
    Info (278004): Inferred divider/modulo megafunction ("lpm_divide") from the following logic: "proc:proc0|datapath:e0|alu:alu0|Div0"
    Info (278003): Inferred multiplier megafunction ("lpm_mult") from the following logic: "proc:proc0|datapath:e0|alu:alu0|Mult1"
Info (12130): Elaborated megafunction instantiation "proc:proc0|datapath:e0|alu:alu0|lpm_divide:Div1"
Info (12133): Instantiated megafunction "proc:proc0|datapath:e0|alu:alu0|lpm_divide:Div1" with the following parameter:
    Info (12134): Parameter "LPM_WIDTHN" = "16"
    Info (12134): Parameter "LPM_WIDTHD" = "16"
    Info (12134): Parameter "LPM_NREPRESENTATION" = "UNSIGNED"
    Info (12134): Parameter "LPM_DREPRESENTATION" = "UNSIGNED"
Info (12021): Found 1 design units, including 1 entities, in source file db/lpm_divide_3gm.tdf
    Info (12023): Found entity 1: lpm_divide_3gm
Info (12021): Found 1 design units, including 1 entities, in source file db/sign_div_unsign_dnh.tdf
    Info (12023): Found entity 1: sign_div_unsign_dnh
Info (12021): Found 1 design units, including 1 entities, in source file db/alt_u_div_s5f.tdf
    Info (12023): Found entity 1: alt_u_div_s5f
Info (12021): Found 1 design units, including 1 entities, in source file db/add_sub_lkc.tdf
    Info (12023): Found entity 1: add_sub_lkc
Info (12021): Found 1 design units, including 1 entities, in source file db/add_sub_mkc.tdf
    Info (12023): Found entity 1: add_sub_mkc
Info (12130): Elaborated megafunction instantiation "proc:proc0|datapath:e0|alu:alu0|lpm_mult:Mult0"
Info (12133): Instantiated megafunction "proc:proc0|datapath:e0|alu:alu0|lpm_mult:Mult0" with the following parameter:
    Info (12134): Parameter "LPM_WIDTHA" = "16"
    Info (12134): Parameter "LPM_WIDTHB" = "16"
    Info (12134): Parameter "LPM_WIDTHP" = "32"
    Info (12134): Parameter "LPM_WIDTHR" = "32"
    Info (12134): Parameter "LPM_WIDTHS" = "1"
    Info (12134): Parameter "LPM_REPRESENTATION" = "SIGNED"
    Info (12134): Parameter "INPUT_A_IS_CONSTANT" = "NO"
    Info (12134): Parameter "INPUT_B_IS_CONSTANT" = "NO"
    Info (12134): Parameter "MAXIMIZE_SPEED" = "5"
Info (12021): Found 1 design units, including 1 entities, in source file db/mult_h1t.tdf
    Info (12023): Found entity 1: mult_h1t
Info (12130): Elaborated megafunction instantiation "proc:proc0|datapath:e0|alu:alu0|lpm_divide:Div0"
Info (12133): Instantiated megafunction "proc:proc0|datapath:e0|alu:alu0|lpm_divide:Div0" with the following parameter:
    Info (12134): Parameter "LPM_WIDTHN" = "16"
    Info (12134): Parameter "LPM_WIDTHD" = "16"
    Info (12134): Parameter "LPM_NREPRESENTATION" = "SIGNED"
    Info (12134): Parameter "LPM_DREPRESENTATION" = "SIGNED"
    Info (12134): Parameter "LPM_HINT" = "LPM_REMAINDERPOSITIVE=FALSE"
Info (12021): Found 1 design units, including 1 entities, in source file db/lpm_divide_rto.tdf
    Info (12023): Found entity 1: lpm_divide_rto
Info (12021): Found 1 design units, including 1 entities, in source file db/abs_divider_8dg.tdf
    Info (12023): Found entity 1: abs_divider_8dg
Info (12021): Found 1 design units, including 1 entities, in source file db/lpm_abs_2s9.tdf
    Info (12023): Found entity 1: lpm_abs_2s9
Info (12130): Elaborated megafunction instantiation "proc:proc0|datapath:e0|alu:alu0|lpm_mult:Mult1"
Info (12133): Instantiated megafunction "proc:proc0|datapath:e0|alu:alu0|lpm_mult:Mult1" with the following parameter:
    Info (12134): Parameter "LPM_WIDTHA" = "16"
    Info (12134): Parameter "LPM_WIDTHB" = "16"
    Info (12134): Parameter "LPM_WIDTHP" = "32"
    Info (12134): Parameter "LPM_WIDTHR" = "32"
    Info (12134): Parameter "LPM_WIDTHS" = "1"
    Info (12134): Parameter "LPM_REPRESENTATION" = "UNSIGNED"
    Info (12134): Parameter "INPUT_A_IS_CONSTANT" = "NO"
    Info (12134): Parameter "INPUT_B_IS_CONSTANT" = "NO"
    Info (12134): Parameter "MAXIMIZE_SPEED" = "6"
Info (12021): Found 1 design units, including 1 entities, in source file db/mult_l8t.tdf
    Info (12023): Found entity 1: mult_l8t
Info (13014): Ignored 30 buffer(s)
    Info (13016): Ignored 30 CARRY_SUM buffer(s)
Warning (13024): Output pins are stuck at VCC or GND
    Warning (13410): Pin "SRAM_ADDR[15]" is stuck at GND
    Warning (13410): Pin "SRAM_ADDR[16]" is stuck at GND
    Warning (13410): Pin "SRAM_ADDR[17]" is stuck at GND
    Warning (13410): Pin "SRAM_CE_N" is stuck at GND
    Warning (13410): Pin "SRAM_OE_N" is stuck at GND
Info (17049): 1 registers lost all their fanouts during netlist optimizations.
Info (16010): Generating hard_block partition "hard_block:auto_generated_inst"
    Info (16011): Adding 0 node(s), including 0 DDIO, 0 PLL, 0 transceiver and 0 LCELL
Info (21057): Implemented 1655 device resources after synthesis - the final resource count might be different
    Info (21058): Implemented 2 input pins
    Info (21059): Implemented 23 output pins
    Info (21060): Implemented 16 bidirectional pins
    Info (21061): Implemented 1610 logic cells
    Info (21062): Implemented 4 DSP elements
Info: Quartus II 64-Bit Analysis & Synthesis was successful. 0 errors, 10 warnings
    Info: Peak virtual memory: 4666 megabytes
    Info: Processing ended: Mon Apr 01 18:26:20 2024
    Info: Elapsed time: 00:00:07
    Info: Total CPU time (on all processors): 00:00:05


